2020-01-04 00:02:32 INFO  Dictionary:54 - Create dictionary french
2020-01-04 00:02:34 INFO  Dictionary:54 - Create dictionary french
2020-01-04 00:02:35 INFO  Dictionary:54 - Create dictionary french
2020-01-04 00:02:36 INFO  Dictionary:54 - Create dictionary french
2020-01-04 00:03:09 INFO  Dictionary:54 - Create dictionary french
2020-01-04 00:03:12 INFO  Dictionary:54 - Create dictionary german
2020-01-08 22:50:56 INFO  Dictionary:53 - Create dictionary french
2020-01-08 22:50:59 INFO  Dictionary:53 - Create dictionary german
2020-04-05 14:36:16 INFO  Dictionary:53 - Create dictionary french
2020-04-05 14:36:21 INFO  Game:178 - Created game with random seed java.util.Random@24269709
2020-04-05 14:36:21 INFO  Game:624 - Let's play Emil
2020-04-05 14:36:26 INFO  BruteForceMethod:150 - 182 legal moves calculated
2020-04-05 14:36:27 INFO  Game:261 - Emil plays 8G KIEF
2020-04-05 14:36:27 INFO  Game:358 - Emil joue "8G KIEF" pour 32 points
2020-04-05 14:36:27 INFO  Game:624 - Let's play R2D2
2020-04-05 14:36:27 INFO  BruteForceMethod:150 - 311 legal moves calculated
2020-04-05 14:36:29 INFO  AbstractPlayer:369 - Play K5 ODES
2020-04-05 14:36:29 INFO  Game:261 - R2D2 plays K5 ODES
2020-04-05 14:36:29 INFO  Game:358 - R2D2 joue "K5 ODES" pour 27 points
2020-04-05 14:36:29 INFO  Game:624 - Let's play Emil
2020-04-05 14:36:41 INFO  BruteForceMethod:150 - 5013 legal moves calculated
2020-04-05 14:36:43 INFO  Game:261 - Emil plays I2 ENGOmMER
2020-04-05 14:36:43 INFO  Game:358 - Emil joue "I2 ENGOmMER" pour 63 points
2020-04-05 14:36:43 INFO  Game:624 - Let's play R2D2
2020-04-05 14:36:43 INFO  BruteForceMethod:150 - 84 legal moves calculated
2020-04-05 14:36:45 INFO  AbstractPlayer:369 - Play 2E TYPEE
2020-04-05 14:36:45 INFO  Game:261 - R2D2 plays 2E TYPEE
2020-04-05 14:36:45 INFO  Game:358 - R2D2 joue "2E TYPEE" pour 36 points
2020-04-05 14:36:45 INFO  Game:624 - Let's play Emil
2020-04-05 14:37:37 INFO  BruteForceMethod:150 - 122 legal moves calculated
2020-04-05 14:37:40 INFO  Game:261 - Emil plays 9C CALVA
2020-04-05 14:37:40 INFO  Game:358 - Emil joue "9C CALVA" pour 26 points
2020-04-05 14:37:40 INFO  Game:624 - Let's play R2D2
2020-04-05 14:37:40 INFO  BruteForceMethod:150 - 68 legal moves calculated
2020-04-05 14:37:42 INFO  AbstractPlayer:369 - Play 8A ZOO
2020-04-05 14:37:42 INFO  Game:261 - R2D2 plays 8A ZOO
2020-04-05 14:37:42 INFO  Game:358 - R2D2 joue "8A ZOO" pour 40 points
2020-04-05 14:37:42 INFO  Game:624 - Let's play Emil
2020-04-05 14:40:35 INFO  Dictionary:53 - Create dictionary french
2020-04-05 14:40:46 INFO  Game:178 - Created game with random seed java.util.Random@683dbc2c
2020-04-05 14:40:46 INFO  Game:624 - Let's play Emil
2020-04-05 14:40:54 INFO  BruteForceMethod:150 - 1280 legal moves calculated
2020-04-05 14:40:56 INFO  Game:261 - Emil plays H7 LUSTRAI
2020-04-05 14:41:31 INFO  Game:358 - Emil joue "H7 LUSTRAI" pour 66 points
2020-04-05 14:41:31 INFO  Game:624 - Let's play R2D2
2020-04-05 14:41:31 INFO  Game:261 - Emil plays H6 LUSTRAI
2020-04-05 14:41:31 WARN  Grid:578 - Grid state:
*0123456789abcde*
0               0
1               1
2               2
3               3
4               4
5               5
6               6
7        L      7
8        U      8
9        S      9
a        T      a
b        R      b
c        A      c
d        I      d
e               e
*0123456789abcde*

2020-04-05 14:41:31 INFO  Game:390 - Refuse play: H6 LUSTRAI. Cause: oscrabble.ScrabbleException$ForbiddenPlayException: Square 8,7 already occupied by L
2020-04-05 14:41:36 INFO  BruteForceMethod:150 - 667 legal moves calculated
2020-04-05 14:41:38 INFO  AbstractPlayer:369 - Play 13E DILIGENT
2020-04-05 14:41:38 INFO  Game:261 - R2D2 plays 13E DILIGENT
2020-04-05 14:41:38 INFO  Game:358 - R2D2 joue "13E DILIGENT" pour 63 points
2020-04-05 14:41:38 INFO  Game:624 - Let's play Emil
2020-04-05 14:41:48 INFO  BruteForceMethod:150 - 437 legal moves calculated
2020-04-05 14:41:50 INFO  Game:261 - Emil plays M10 PAVE
2020-04-05 14:41:50 INFO  Game:358 - Emil joue "M10 PAVE" pour 40 points
2020-04-05 14:41:50 INFO  Game:624 - Let's play R2D2
2020-04-05 14:41:50 INFO  BruteForceMethod:150 - 6903 legal moves calculated
2020-04-05 14:41:52 INFO  AbstractPlayer:369 - Play 11E CORRoIERA
2020-04-05 14:41:52 INFO  Game:261 - R2D2 plays 11E CORRoIERA
2020-04-05 14:41:52 INFO  Game:358 - R2D2 joue "11E CORRoIERA" pour 90 points
2020-04-05 14:41:52 INFO  Game:624 - Let's play Emil
2020-04-05 14:46:52 INFO  Dictionary:53 - Create dictionary french
2020-04-05 14:46:57 INFO  Game:178 - Created game with random seed java.util.Random@2f465398
2020-04-05 14:46:57 INFO  Game:624 - Let's play Emil
2020-04-05 14:47:02 INFO  BruteForceMethod:150 - 776 legal moves calculated
2020-04-05 14:47:04 INFO  Game:261 - Emil plays 8D DORIEN
2020-04-05 14:47:04 INFO  Game:358 - Emil joue "8D DORIEN" pour 18 points
2020-04-05 14:47:04 INFO  Game:624 - Let's play R2D2
2020-04-05 14:47:04 INFO  BruteForceMethod:150 - 177 legal moves calculated
2020-04-05 14:47:06 INFO  AbstractPlayer:369 - Play E5 ETIOLEE
2020-04-05 14:47:06 INFO  Game:261 - R2D2 plays E5 ETIOLEE
2020-04-05 14:47:06 INFO  Game:358 - R2D2 joue "E5 ETIOLEE" pour 28 points
2020-04-05 14:47:06 INFO  Game:624 - Let's play Emil
2020-04-05 14:47:20 INFO  BruteForceMethod:150 - 1048 legal moves calculated
2020-04-05 14:47:22 INFO  Game:261 - Emil plays 12A FADES
2020-04-05 14:47:22 INFO  Game:358 - Emil joue "12A FADES" pour 34 points
2020-04-05 14:47:22 INFO  Game:624 - Let's play R2D2
2020-04-05 14:47:22 INFO  BruteForceMethod:150 - 2036 legal moves calculated
2020-04-05 14:47:24 INFO  AbstractPlayer:369 - Play H1 REMUANTE
2020-04-05 14:47:24 INFO  Game:261 - R2D2 plays H1 REMUANTE
2020-04-05 14:47:24 INFO  Game:358 - R2D2 joue "H1 REMUANTE" pour 80 points
2020-04-05 14:47:24 INFO  Game:624 - Let's play Emil
2020-04-05 14:48:33 INFO  Dictionary:53 - Create dictionary french
2020-04-05 14:48:38 INFO  Game:178 - Created game with random seed java.util.Random@2f465398
2020-04-05 14:48:38 INFO  Game:624 - Let's play R2D2
2020-04-05 14:48:38 INFO  BruteForceMethod:150 - 1768 legal moves calculated
2020-04-05 14:48:40 INFO  AbstractPlayer:369 - Play 8D HAvEE
2020-04-05 14:48:40 INFO  Game:261 - R2D2 plays 8D HAvEE
2020-04-05 14:48:40 INFO  Game:358 - R2D2 joue "8D HAvEE" pour 22 points
2020-04-05 14:48:40 INFO  Game:624 - Let's play Emil
2020-04-05 14:48:42 INFO  BruteForceMethod:150 - 443 legal moves calculated
2020-04-05 14:48:44 INFO  Game:261 - Emil plays E7 JAUGEAI
2020-04-05 14:48:44 INFO  Game:358 - Emil joue "E7 JAUGEAI" pour 30 points
2020-04-05 14:48:44 INFO  Game:624 - Let's play R2D2
2020-04-05 14:48:44 INFO  BruteForceMethod:150 - 301 legal moves calculated
2020-04-05 14:48:46 INFO  AbstractPlayer:369 - Play 14B EVASA
2020-04-05 14:48:46 INFO  Game:261 - R2D2 plays 14B EVASA
2020-04-05 14:48:46 INFO  Game:358 - R2D2 joue "14B EVASA" pour 36 points
2020-04-05 14:48:46 INFO  Game:624 - Let's play Emil
2020-04-05 14:48:57 INFO  BruteForceMethod:150 - 1310 legal moves calculated
2020-04-05 14:48:59 INFO  Game:261 - Emil plays 7H MORTELS
2020-04-05 14:48:59 INFO  Game:358 - Emil joue "7H MORTELS" pour 63 points
2020-04-05 14:48:59 INFO  Game:624 - Let's play R2D2
2020-04-05 14:48:59 INFO  BruteForceMethod:150 - 765 legal moves calculated
2020-04-05 14:49:01 INFO  AbstractPlayer:369 - Play J3 OBEIRAIT
2020-04-05 14:49:01 INFO  Game:261 - R2D2 plays J3 OBEIRAIT
2020-04-05 14:49:01 INFO  Game:358 - R2D2 joue "J3 OBEIRAIT" pour 64 points
2020-04-05 14:49:01 INFO  Game:624 - Let's play Emil
2020-04-05 14:49:20 INFO  AbstractPlayer:108 - Destroy EDT of R2D2
2020-04-05 14:49:20 INFO  AbstractPlayer:108 - Destroy EDT of Emil
2020-04-07 13:50:08 INFO  Dictionary:53 - Create dictionary french
2020-04-07 13:50:14 INFO  Game:178 - Created game with random seed java.util.Random@2aceadd4
2020-04-07 13:50:14 INFO  Game:624 - Let's play R2D2
2020-04-07 13:50:14 INFO  BruteForceMethod:150 - 3516 legal moves calculated
2020-04-07 13:50:16 INFO  AbstractPlayer:369 - Play 8D MAGoTS
2020-04-07 13:50:16 INFO  Game:261 - R2D2 plays 8D MAGoTS
2020-04-07 13:50:16 INFO  Game:358 - R2D2 joue "8D MAGoTS" pour 18 points
2020-04-07 13:50:16 INFO  Game:624 - Let's play Emil
2020-04-07 13:52:06 INFO  Dictionary:53 - Create dictionary french
2020-04-07 13:52:45 INFO  Dictionary:53 - Create dictionary french
